Arguments: 
  /usr/bin/node /usr/local/bin/yarn add jest --save

PATH: 
  /usr/local/sbin:/usr/local/bin:/usr/sbin:/usr/bin:/sbin:/bin:/usr/games:/usr/local/games:/snap/bin

Yarn version: 
  1.17.3

Node version: 
  8.10.0

Platform: 
  linux x64

Trace: 
  Error: https://registry.yarnpkg.com/@octokit%2frest: ESOCKETTIMEDOUT
      at ClientRequest.<anonymous> (/usr/local/lib/node_modules/yarn/lib/cli.js:141091:19)
      at Object.onceWrapper (events.js:313:30)
      at emitNone (events.js:106:13)
      at ClientRequest.emit (events.js:208:7)
      at TLSSocket.emitTimeout (_http_client.js:711:34)
      at Object.onceWrapper (events.js:313:30)
      at emitNone (events.js:106:13)
      at TLSSocket.emit (events.js:208:7)
      at TLSSocket.Socket._onTimeout (net.js:420:8)
      at ontimeout (timers.js:482:11)

npm manifest: 
  {
    "name": "newsapi",
    "version": "1.0.0",
    "description": "\"show news from the news API\"",
    "main": "index.js",
    "scripts": {
      "test": "jest"
    },
    "author": "Susie",
    "license": "ISC",
    "dependencies": {
      "@octokit/rest": "^16.30.0",
      "chalk": "^2.4.2",
      "clear": "^0.1.0",
      "clui": "^0.3.6",
      "configstore": "^5.0.0",
      "figlet": "^1.2.4",
      "inquirer": "^7.0.0",
      "lodash": "^4.17.15",
      "minimist": "^1.2.0",
      "simple-git": "^1.126.0",
      "touch": "^3.1.0"
    }
  }

yarn manifest: 
  No manifest

Lockfile: 
  No lockfile
